[28Jul2025 00:01:46.522] [Server thread/INFO] [net.minecraft.server.MinecraftServer/]: Unknown or incomplete command, see below for error
[28Jul2025 00:01:46.525] [Server thread/INFO] [net.minecraft.server.MinecraftServer/]: v<--[HERE]
[28Jul2025 00:02:47.968] [Server thread/INFO] [net.minecraft.server.MinecraftServer/]: Jos3enriq fell from a high place
[28Jul2025 00:11:23.221] [Server thread/INFO] [net.minecraft.server.MinecraftServer/]: Unknown or incomplete command, see below for error
[28Jul2025 00:11:23.221] [Server thread/INFO] [net.minecraft.server.MinecraftServer/]: b<--[HERE]
[28Jul2025 00:12:47.265] [Server thread/INFO] [net.minecraft.server.MinecraftServer/]: kevin123j2 was blown up by Creeper
[28Jul2025 00:35:15.637] [Server thread/INFO] [net.minecraft.server.MinecraftServer/]: Unknown or incomplete command, see below for error
[28Jul2025 00:35:15.657] [Server thread/INFO] [net.minecraft.server.MinecraftServer/]: j<--[HERE]
[28Jul2025 00:36:38.233] [Server thread/INFO] [net.minecraft.server.MinecraftServer/]: Unknown or incomplete command, see below for error
[28Jul2025 00:36:38.239] [Server thread/INFO] [net.minecraft.server.MinecraftServer/]: c<--[HERE]
[28Jul2025 00:39:24.919] [Server thread/INFO] [net.minecraft.server.MinecraftServer/]: Unknown or incomplete command, see below for error
[28Jul2025 00:39:24.933] [Server thread/INFO] [net.minecraft.server.MinecraftServer/]: h<--[HERE]
[28Jul2025 00:39:40.469] [Server thread/INFO] [net.minecraft.server.MinecraftServer/]: kevin123j2 has made the advancement [Rotten to the Core]
[28Jul2025 00:39:43.118] [Server thread/INFO] [net.minecraft.server.MinecraftServer/]: kevin123j2 has made the advancement [Stay Out of my Peripheral!]
[28Jul2025 00:40:06.467] [Server thread/INFO] [net.minecraft.server.MinecraftServer/]: Jos3enriq was slain by Cockatrice
[28Jul2025 00:41:06.926] [Server thread/INFO] [net.minecraft.server.MinecraftServer/]: Unknown or incomplete command, see below for error
[28Jul2025 00:41:06.927] [Server thread/INFO] [net.minecraft.server.MinecraftServer/]: h<--[HERE]
[28Jul2025 00:48:20.662] [Server thread/INFO] [net.minecraft.server.MinecraftServer/]: Jos3enriq has made the advancement [Double Trouble]
[28Jul2025 00:52:04.117] [Server thread/INFO] [net.minecraft.server.MinecraftServer/]: Jos3enriq has reached the goal [Big Boy]
[28Jul2025 00:52:35.469] [Server thread/WARN] [net.minecraft.server.level.ServerPlayerGameMode/]: Mismatch in destroy block pos: BlockPos{x=-239, y=64, z=-18} BlockPos{x=-239, y=62, z=-17}
[28Jul2025 00:58:22.173] [Server thread/INFO] [net.minecraft.server.MinecraftServer/]: Unknown or incomplete command, see below for error
[28Jul2025 00:58:22.174] [Server thread/INFO] [net.minecraft.server.MinecraftServer/]: j<--[HERE]
[28Jul2025 00:58:30.920] [Server thread/INFO] [net.minecraft.server.MinecraftServer/]: Unknown or incomplete command, see below for error
[28Jul2025 00:58:30.928] [Server thread/INFO] [net.minecraft.server.MinecraftServer/]: j<--[HERE]
[28Jul2025 00:58:31.919] [Server thread/INFO] [net.minecraft.server.network.ServerGamePacketListenerImpl/]: kevin123j2 lost connection: Timed out
[28Jul2025 00:58:31.920] [Server thread/INFO] [net.minecraft.server.MinecraftServer/]: kevin123j2 left the game
[28Jul2025 00:58:33.160] [Server thread/INFO] [net.minecraft.server.players.PlayerList/]: kevin123j2[/127.170.19.127:53385] logged in with entity id 24651 at (-237.79611763806474, 63.0, -24.22281288095396)
[28Jul2025 00:58:33.189] [Server thread/INFO] [net.minecraft.server.MinecraftServer/]: kevin123j2 joined the game
[28Jul2025 00:58:33.250] [Server thread/INFO] [Jade/]: Syncing config to kevin123j2 (66256a26-dde2-30fc-b9f9-230690d21c47)
[28Jul2025 00:58:37.020] [Server thread/INFO] [net.minecraft.server.MinecraftServer/]: Unknown or incomplete command, see below for error
[28Jul2025 00:58:37.020] [Server thread/INFO] [net.minecraft.server.MinecraftServer/]: h<--[HERE]
[28Jul2025 00:59:18.412] [Server thread/INFO] [net.minecraft.server.network.ServerGamePacketListenerImpl/]: kevin123j2 lost connection: Timed out
[28Jul2025 00:59:18.412] [Server thread/INFO] [net.minecraft.server.MinecraftServer/]: kevin123j2 left the game
[28Jul2025 00:59:25.266] [Server thread/INFO] [net.minecraft.server.MinecraftServer/]: Unknown or incomplete command, see below for error
[28Jul2025 00:59:25.277] [Server thread/INFO] [net.minecraft.server.MinecraftServer/]: h<--[HERE]
[28Jul2025 00:59:46.065] [Server thread/INFO] [net.minecraft.server.MinecraftServer/]: Unknown or incomplete command, see below for error
[28Jul2025 00:59:46.070] [Server thread/INFO] [net.minecraft.server.MinecraftServer/]: h<--[HERE]
[28Jul2025 01:00:34.118] [Server thread/INFO] [net.minecraft.server.MinecraftServer/]: Unknown or incomplete command, see below for error
[28Jul2025 01:00:34.121] [Server thread/INFO] [net.minecraft.server.MinecraftServer/]: j<--[HERE]
[28Jul2025 01:00:35.750] [Server thread/INFO] [net.minecraft.server.players.PlayerList/]: kevin123j2[/127.170.19.127:39297] logged in with entity id 25194 at (-237.79611763806474, 63.0, -24.22281288095396)
[28Jul2025 01:00:35.774] [Server thread/INFO] [net.minecraft.server.MinecraftServer/]: kevin123j2 joined the game
[28Jul2025 01:00:35.838] [Server thread/INFO] [Jade/]: Syncing config to kevin123j2 (66256a26-dde2-30fc-b9f9-230690d21c47)
[28Jul2025 01:01:48.866] [Server thread/INFO] [net.minecraft.server.MinecraftServer/]: Unknown or incomplete command, see below for error
[28Jul2025 01:01:48.866] [Server thread/INFO] [net.minecraft.server.MinecraftServer/]: h<--[HERE]
[28Jul2025 01:02:02.566] [Server thread/INFO] [net.minecraft.server.MinecraftServer/]: Unknown or incomplete command, see below for error
[28Jul2025 01:02:02.566] [Server thread/INFO] [net.minecraft.server.MinecraftServer/]: g<--[HERE]
[28Jul2025 01:04:33.124] [Server thread/INFO] [net.minecraft.server.network.ServerGamePacketListenerImpl/]: kevin123j2 lost connection: Disconnected
[28Jul2025 01:04:33.124] [Server thread/INFO] [net.minecraft.server.MinecraftServer/]: kevin123j2 left the game
[28Jul2025 01:04:44.908] [Server thread/INFO] [net.minecraft.server.network.ServerGamePacketListenerImpl/]: Jos3enriq lost connection: Disconnected
[28Jul2025 01:04:44.909] [Server thread/INFO] [net.minecraft.server.MinecraftServer/]: Jos3enriq left the game
[28Jul2025 01:06:28.139] [Server thread/INFO] [net.minecraft.server.MinecraftServer/]: Stopping the server
[28Jul2025 01:06:28.189] [Server thread/INFO] [net.minecraft.server.MinecraftServer/]: Stopping server
[28Jul2025 01:06:28.192] [Server thread/INFO] [net.minecraft.server.MinecraftServer/]: Saving players
[28Jul2025 01:06:28.192] [Server thread/INFO] [net.minecraft.server.MinecraftServer/]: Saving worlds
[28Jul2025 01:06:28.257] [Server thread/INFO] [net.minecraft.server.MinecraftServer/]: Saving chunks for level 'ServerLevel[world]'/minecraft:overworld
[28Jul2025 01:06:28.333] [Server thread/INFO] [net.minecraft.server.MinecraftServer/]: Saving chunks for level 'ServerLevel[world]'/minecraft:the_end
[28Jul2025 01:06:28.334] [Server thread/INFO] [net.minecraft.server.MinecraftServer/]: Saving chunks for level 'ServerLevel[world]'/minecraft:the_nether
[28Jul2025 01:06:28.335] [Server thread/INFO] [surveyor/]: [Surveyor] Saving server data...
[28Jul2025 01:06:28.415] [Server thread/INFO] [surveyor/]: [Surveyor] Finished saving data for minecraft:overworld | cleaned 1 terrain regions, 0 structure regions, 0 landmarks
[28Jul2025 01:06:28.415] [Server thread/INFO] [surveyor/]: [Surveyor] Finished saving server data.
[28Jul2025 01:06:28.608] [Server thread/INFO] [net.minecraft.server.MinecraftServer/]: ThreadedAnvilChunkStorage (world): All chunks are saved
[28Jul2025 01:06:28.608] [Server thread/INFO] [net.minecraft.server.MinecraftServer/]: ThreadedAnvilChunkStorage (DIM1): All chunks are saved
[28Jul2025 01:06:28.608] [Server thread/INFO] [net.minecraft.server.MinecraftServer/]: ThreadedAnvilChunkStorage (DIM-1): All chunks are saved
[28Jul2025 01:06:28.608] [Server thread/INFO] [net.minecraft.server.MinecraftServer/]: ThreadedAnvilChunkStorage: All dimensions are saved
[28Jul2025 01:06:28.622] [Server thread/INFO] [com.yellowbrossproductions.illageandspillage.IllageAndSpillage/]: Removed entity.illageandspillage.boss_randomizer from Raids to prevent a post-mod-removal crash
[28Jul2025 01:06:28.622] [Server thread/INFO] [com.yellowbrossproductions.illageandspillage.IllageAndSpillage/]: Removed entity.illageandspillage.igniter from Raids to prevent a post-mod-removal crash
[28Jul2025 01:06:28.622] [Server thread/INFO] [com.yellowbrossproductions.illageandspillage.IllageAndSpillage/]: Removed entity.illageandspillage.engineer from Raids to prevent a post-mod-removal crash
[28Jul2025 01:06:28.622] [Server thread/INFO] [com.yellowbrossproductions.illageandspillage.IllageAndSpillage/]: Removed entity.illageandspillage.twittollager from Raids to prevent a post-mod-removal crash
[28Jul2025 01:06:28.622] [Server thread/INFO] [com.yellowbrossproductions.illageandspillage.IllageAndSpillage/]: Removed entity.illageandspillage.magispeller from Raids to prevent a post-mod-removal crash
[28Jul2025 01:06:28.622] [Server thread/INFO] [com.yellowbrossproductions.illageandspillage.IllageAndSpillage/]: Removed entity.illageandspillage.spiritcaller from Raids to prevent a post-mod-removal crash
[28Jul2025 01:06:28.623] [Server thread/INFO] [com.yellowbrossproductions.illageandspillage.IllageAndSpillage/]: Removed entity.illageandspillage.crocofang from Raids to prevent a post-mod-removal crash
[28Jul2025 01:06:28.623] [Server thread/INFO] [com.yellowbrossproductions.illageandspillage.IllageAndSpillage/]: Removed entity.illageandspillage.absorber from Raids to prevent a post-mod-removal crash
[28Jul2025 01:06:28.623] [Server thread/INFO] [com.yellowbrossproductions.illageandspillage.IllageAndSpillage/]: Removed entity.illageandspillage.preserver from Raids to prevent a post-mod-removal crash
[28Jul2025 01:06:28.623] [Server thread/INFO] [com.yellowbrossproductions.illageandspillage.IllageAndSpillage/]: Removed entity.illageandspillage.freakager from Raids to prevent a post-mod-removal crash
[28Jul2025 01:06:28.623] [Server thread/INFO] [com.yellowbrossproductions.illageandspillage.IllageAndSpillage/]: Removed entity.illageandspillage.old_freakager from Raids to prevent a post-mod-removal crash
[28Jul2025 01:06:28.623] [Server thread/INFO] [com.yellowbrossproductions.illageandspillage.IllageAndSpillage/]: Removed entity.illageandspillage.old_magispeller from Raids to prevent a post-mod-removal crash
[28Jul2025 01:06:28.648] [Server thread/INFO] [com.yellowbrossproductions.illageandspillage.IllageAndSpillage/]: Removed entity.illageandspillage.boss_randomizer from Raids to prevent a post-mod-removal crash
[28Jul2025 01:06:28.648] [Server thread/INFO] [com.yellowbrossproductions.illageandspillage.IllageAndSpillage/]: Removed entity.illageandspillage.igniter from Raids to prevent a post-mod-removal crash
[28Jul2025 01:06:28.649] [Server thread/INFO] [com.yellowbrossproductions.illageandspillage.IllageAndSpillage/]: Removed entity.illageandspillage.engineer from Raids to prevent a post-mod-removal crash
[28Jul2025 01:06:28.649] [Server thread/INFO] [com.yellowbrossproductions.illageandspillage.IllageAndSpillage/]: Removed entity.illageandspillage.twittollager from Raids to prevent a post-mod-removal crash
[28Jul2025 01:06:28.649] [Server thread/INFO] [com.yellowbrossproductions.illageandspillage.IllageAndSpillage/]: Removed entity.illageandspillage.magispeller from Raids to prevent a post-mod-removal crash
[28Jul2025 01:06:28.649] [Server thread/INFO] [com.yellowbrossproductions.illageandspillage.IllageAndSpillage/]: Removed entity.illageandspillage.spiritcaller from Raids to prevent a post-mod-removal crash
[28Jul2025 01:06:28.649] [Server thread/INFO] [com.yellowbrossproductions.illageandspillage.IllageAndSpillage/]: Removed entity.illageandspillage.crocofang from Raids to prevent a post-mod-removal crash
[28Jul2025 01:06:28.649] [Server thread/INFO] [com.yellowbrossproductions.illageandspillage.IllageAndSpillage/]: Removed entity.illageandspillage.absorber from Raids to prevent a post-mod-removal crash
[28Jul2025 01:06:28.649] [Server thread/INFO] [com.yellowbrossproductions.illageandspillage.IllageAndSpillage/]: Removed entity.illageandspillage.preserver from Raids to prevent a post-mod-removal crash
[28Jul2025 01:06:28.649] [Server thread/INFO] [com.yellowbrossproductions.illageandspillage.IllageAndSpillage/]: Removed entity.illageandspillage.freakager from Raids to prevent a post-mod-removal crash
[28Jul2025 01:06:28.649] [Server thread/INFO] [com.yellowbrossproductions.illageandspillage.IllageAndSpillage/]: Removed entity.illageandspillage.old_freakager from Raids to prevent a post-mod-removal crash
[28Jul2025 01:06:28.649] [Server thread/INFO] [com.yellowbrossproductions.illageandspillage.IllageAndSpillage/]: Removed entity.illageandspillage.old_magispeller from Raids to prevent a post-mod-removal crash
[28Jul2025 01:06:28.650] [Server thread/INFO] [com.yellowbrossproductions.illageandspillage.IllageAndSpillage/]: Removed entity.illageandspillage.boss_randomizer from Raids to prevent a post-mod-removal crash
[28Jul2025 01:06:28.650] [Server thread/INFO] [com.yellowbrossproductions.illageandspillage.IllageAndSpillage/]: Removed entity.illageandspillage.igniter from Raids to prevent a post-mod-removal crash
[28Jul2025 01:06:28.651] [Server thread/INFO] [com.yellowbrossproductions.illageandspillage.IllageAndSpillage/]: Removed entity.illageandspillage.engineer from Raids to prevent a post-mod-removal crash
[28Jul2025 01:06:28.651] [Server thread/INFO] [com.yellowbrossproductions.illageandspillage.IllageAndSpillage/]: Removed entity.illageandspillage.twittollager from Raids to prevent a post-mod-removal crash
[28Jul2025 01:06:28.651] [Server thread/INFO] [com.yellowbrossproductions.illageandspillage.IllageAndSpillage/]: Removed entity.illageandspillage.magispeller from Raids to prevent a post-mod-removal crash
[28Jul2025 01:06:28.651] [Server thread/INFO] [com.yellowbrossproductions.illageandspillage.IllageAndSpillage/]: Removed entity.illageandspillage.spiritcaller from Raids to prevent a post-mod-removal crash
[28Jul2025 01:06:28.651] [Server thread/INFO] [com.yellowbrossproductions.illageandspillage.IllageAndSpillage/]: Removed entity.illageandspillage.crocofang from Raids to prevent a post-mod-removal crash
[28Jul2025 01:06:28.651] [Server thread/INFO] [com.yellowbrossproductions.illageandspillage.IllageAndSpillage/]: Removed entity.illageandspillage.absorber from Raids to prevent a post-mod-removal crash
[28Jul2025 01:06:28.651] [Server thread/INFO] [com.yellowbrossproductions.illageandspillage.IllageAndSpillage/]: Removed entity.illageandspillage.preserver from Raids to prevent a post-mod-removal crash
[28Jul2025 01:06:28.651] [Server thread/INFO] [com.yellowbrossproductions.illageandspillage.IllageAndSpillage/]: Removed entity.illageandspillage.freakager from Raids to prevent a post-mod-removal crash
[28Jul2025 01:06:28.651] [Server thread/INFO] [com.yellowbrossproductions.illageandspillage.IllageAndSpillage/]: Removed entity.illageandspillage.old_freakager from Raids to prevent a post-mod-removal crash
[28Jul2025 01:06:28.651] [Server thread/INFO] [com.yellowbrossproductions.illageandspillage.IllageAndSpillage/]: Removed entity.illageandspillage.old_magispeller from Raids to prevent a post-mod-removal crash
